<?xml version="1.0" encoding="UTF-8"?>
<!-- Generated by org.testng.reporters.JUnitXMLReporter -->
<testsuite ignored="0" hostname="LTIN398575" failures="0" tests="6" name="Default test" time="85.75" errors="0" timestamp="2025-03-18T08:00:56 IST">
  <testcase classname="testCases.Main" name="selectCity" time="27.404"/>
  <testcase classname="testCases.Main" name="selectDate" time="2.417"/>
  <testcase classname="testCases.Main" name="selectclass" time="12.072"/>
  <testcase classname="testCases.Main" name="selectindigo" time="17.346"/>
  <testcase classname="testCases.Main" name="indigodetaisl" time="6.07"/>
  <testcase classname="testCases.Main" name="printdetaisl" time="1.311"/>
</testsuite> <!-- Default test -->
