<?xml version="1.0" encoding="UTF-8"?>
<!-- Generated by org.testng.reporters.JUnitXMLReporter -->
<testsuite ignored="0" hostname="LTIN398575" failures="0" tests="6" name="chrome test" time="57.676" errors="0" timestamp="2025-03-18T11:13:41 IST">
  <testcase classname="testCases.Main" name="selectCity" time="7.476"/>
  <testcase classname="testCases.Main" name="selectDate" time="2.286"/>
  <testcase classname="testCases.Main" name="selectclass" time="14.964"/>
  <testcase classname="testCases.Main" name="selectIndigo" time="9.225"/>
  <testcase classname="testCases.Main" name="indigoDetails" time="4.711"/>
  <testcase classname="testCases.Main" name="printFlightdetails" time="1.109"/>
</testsuite> <!-- chrome test -->
